Determining if the pthread_create exist failed with the following output:
Change Dir: /data1/zhangyuanpeng/workspace/online_serving/SDK/deep_server/3rd/auto_yolo/build/CMakeFiles/CMakeTmp

Run Build Command:/usr/bin/gmake "cmTryCompileExec4229713955/fast"
/usr/bin/gmake -f CMakeFiles/cmTryCompileExec4229713955.dir/build.make CMakeFiles/cmTryCompileExec4229713955.dir/build
gmake[1]: Entering directory `/data1/zhangyuanpeng/workspace/online_serving/SDK/deep_server/3rd/auto_yolo/build/CMakeFiles/CMakeTmp'
/usr/bin/cmake -E cmake_progress_report /data1/zhangyuanpeng/workspace/online_serving/SDK/deep_server/3rd/auto_yolo/build/CMakeFiles/CMakeTmp/CMakeFiles 1
Building C object CMakeFiles/cmTryCompileExec4229713955.dir/CheckSymbolExists.c.o
/usr/bin/cc    -o CMakeFiles/cmTryCompileExec4229713955.dir/CheckSymbolExists.c.o   -c /data1/zhangyuanpeng/workspace/online_serving/SDK/deep_server/3rd/auto_yolo/build/CMakeFiles/CMakeTmp/CheckSymbolExists.c
Linking C executable cmTryCompileExec4229713955
/usr/bin/cmake -E cmake_link_script CMakeFiles/cmTryCompileExec4229713955.dir/link.txt --verbose=1
/usr/bin/cc       CMakeFiles/cmTryCompileExec4229713955.dir/CheckSymbolExists.c.o  -o cmTryCompileExec4229713955 -rdynamic 
CMakeFiles/cmTryCompileExec4229713955.dir/CheckSymbolExists.c.o: In function `main':
CheckSymbolExists.c:(.text+0x16): undefined reference to `pthread_create'
collect2: error: ld returned 1 exit status
gmake[1]: *** [cmTryCompileExec4229713955] Error 1
gmake[1]: Leaving directory `/data1/zhangyuanpeng/workspace/online_serving/SDK/deep_server/3rd/auto_yolo/build/CMakeFiles/CMakeTmp'
gmake: *** [cmTryCompileExec4229713955/fast] Error 2

File /data1/zhangyuanpeng/workspace/online_serving/SDK/deep_server/3rd/auto_yolo/build/CMakeFiles/CMakeTmp/CheckSymbolExists.c:
/* */
#include <pthread.h>

int main(int argc, char** argv)
{
  (void)argv;
#ifndef pthread_create
  return ((int*)(&pthread_create))[argc];
#else
  (void)argc;
  return 0;
#endif
}

Determining if the function pthread_create exists in the pthreads failed with the following output:
Change Dir: /data1/zhangyuanpeng/workspace/online_serving/SDK/deep_server/3rd/auto_yolo/build/CMakeFiles/CMakeTmp

Run Build Command:/usr/bin/gmake "cmTryCompileExec685379289/fast"
/usr/bin/gmake -f CMakeFiles/cmTryCompileExec685379289.dir/build.make CMakeFiles/cmTryCompileExec685379289.dir/build
gmake[1]: Entering directory `/data1/zhangyuanpeng/workspace/online_serving/SDK/deep_server/3rd/auto_yolo/build/CMakeFiles/CMakeTmp'
/usr/bin/cmake -E cmake_progress_report /data1/zhangyuanpeng/workspace/online_serving/SDK/deep_server/3rd/auto_yolo/build/CMakeFiles/CMakeTmp/CMakeFiles 1
Building C object CMakeFiles/cmTryCompileExec685379289.dir/CheckFunctionExists.c.o
/usr/bin/cc   -DCHECK_FUNCTION_EXISTS=pthread_create   -o CMakeFiles/cmTryCompileExec685379289.dir/CheckFunctionExists.c.o   -c /usr/share/cmake/Modules/CheckFunctionExists.c
Linking C executable cmTryCompileExec685379289
/usr/bin/cmake -E cmake_link_script CMakeFiles/cmTryCompileExec685379289.dir/link.txt --verbose=1
/usr/bin/cc   -DCHECK_FUNCTION_EXISTS=pthread_create    CMakeFiles/cmTryCompileExec685379289.dir/CheckFunctionExists.c.o  -o cmTryCompileExec685379289 -rdynamic -lpthreads 
/usr/bin/ld: cannot find -lpthreads
collect2: error: ld returned 1 exit status
gmake[1]: *** [cmTryCompileExec685379289] Error 1
gmake[1]: Leaving directory `/data1/zhangyuanpeng/workspace/online_serving/SDK/deep_server/3rd/auto_yolo/build/CMakeFiles/CMakeTmp'
gmake: *** [cmTryCompileExec685379289/fast] Error 2


